/*C5*/SET SCHEMA PUBLIC
CONNECT USER SA
DISCONNECT
/*C6*/SET SCHEMA PUBLIC
CONNECT USER SA
DISCONNECT
/*C7*/SET SCHEMA PUBLIC
CONNECT USER SA
SET AUTOCOMMIT FALSE
DISCONNECT
/*C8*/SET SCHEMA PUBLIC
CONNECT USER SA
SET AUTOCOMMIT FALSE
DISCONNECT
/*C9*/SET SCHEMA PUBLIC
CONNECT USER SA
SET AUTOCOMMIT FALSE
DISCONNECT
/*C10*/SET SCHEMA PUBLIC
CONNECT USER SA
DISCONNECT
/*C11*/SET SCHEMA PUBLIC
CONNECT USER SA
SET AUTOCOMMIT FALSE
DISCONNECT
/*C12*/SET SCHEMA PUBLIC
CONNECT USER SA
SET AUTOCOMMIT FALSE
DELETE FROM JFORUM_SESSIONS WHERE SESSION_ID='AAFD8920564679FF6678F4054902DD5E' AND SESSION_USER_ID=4 AND SESSION_START='2015-12-20 18:25:16.390000000' AND SESSION_TIME=3537670 AND SESSION_IP='' AND SESSION_PAGE=0 AND SESSION_LOGGED_INT IS NULL
INSERT INTO JFORUM_SESSIONS VALUES('62D9E5A290641D4B482542B62192A7A3',4,'2015-12-22 19:21:04.671000000',2587390,'',0,NULL)
COMMIT
DISCONNECT
/*C13*/SET SCHEMA PUBLIC
CONNECT USER SA
SET AUTOCOMMIT FALSE
DISCONNECT
/*C14*/SET SCHEMA PUBLIC
CONNECT USER SA
SET AUTOCOMMIT FALSE
DISCONNECT
/*C15*/SET SCHEMA PUBLIC
CONNECT USER SA
SET AUTOCOMMIT FALSE
DISCONNECT
/*C16*/SET SCHEMA PUBLIC
CONNECT USER SA
SET AUTOCOMMIT FALSE
DISCONNECT
/*C17*/SET SCHEMA PUBLIC
CONNECT USER SA
SET AUTOCOMMIT FALSE
DISCONNECT
/*C18*/SET SCHEMA PUBLIC
CONNECT USER SA
SET AUTOCOMMIT FALSE
DISCONNECT
/*C19*/SET SCHEMA PUBLIC
CONNECT USER SA
SET AUTOCOMMIT FALSE
INSERT INTO JFORUM_FORUMS VALUES(2,1,'Movie','lolololololol',2,0,0,0)
INSERT INTO JFORUM_ROLE_VALUES VALUES(25,'2')
INSERT INTO JFORUM_ROLE_VALUES VALUES(24,'2')
INSERT INTO JFORUM_ROLE_VALUES VALUES(27,'2')
INSERT INTO JFORUM_ROLE_VALUES VALUES(3,'2')
INSERT INTO JFORUM_ROLE_VALUES VALUES(33,'2')
INSERT INTO JFORUM_ROLE_VALUES VALUES(32,'2')
INSERT INTO JFORUM_ROLE_VALUES VALUES(39,'2')
INSERT INTO JFORUM_ROLE_VALUES VALUES(38,'2')
INSERT INTO JFORUM_ROLE_VALUES VALUES(35,'2')
INSERT INTO JFORUM_ROLE_VALUES VALUES(34,'2')
COMMIT
DISCONNECT
/*C20*/SET SCHEMA PUBLIC
CONNECT USER SA
SET AUTOCOMMIT FALSE
DELETE FROM JFORUM_FORUMS WHERE FORUM_ID=2
INSERT INTO JFORUM_FORUMS VALUES(2,1,'Movie','lolololololol',2,0,0,0)
COMMIT
DISCONNECT
/*C21*/SET SCHEMA PUBLIC
CONNECT USER SA
SET AUTOCOMMIT FALSE
DELETE FROM JFORUM_FORUMS WHERE FORUM_ID=2
INSERT INTO JFORUM_FORUMS VALUES(2,1,'Movie','lolololololol',2,0,0,0)
COMMIT
DISCONNECT
/*C22*/SET SCHEMA PUBLIC
CONNECT USER SA
SET AUTOCOMMIT FALSE
DISCONNECT
/*C23*/SET SCHEMA PUBLIC
CONNECT USER SA
SET AUTOCOMMIT FALSE
DISCONNECT
/*C24*/SET SCHEMA PUBLIC
CONNECT USER SA
SET AUTOCOMMIT FALSE
DISCONNECT
/*C25*/SET SCHEMA PUBLIC
CONNECT USER SA
SET AUTOCOMMIT FALSE
DISCONNECT
/*C26*/SET SCHEMA PUBLIC
CONNECT USER SA
SET AUTOCOMMIT FALSE
DISCONNECT
/*C27*/SET SCHEMA PUBLIC
CONNECT USER SA
SET AUTOCOMMIT FALSE
DELETE FROM JFORUM_GROUPS WHERE GROUP_ID=1
INSERT INTO JFORUM_GROUPS VALUES(1,'General','General Users',0)
COMMIT
DISCONNECT
/*C28*/SET SCHEMA PUBLIC
CONNECT USER SA
SET AUTOCOMMIT FALSE
DISCONNECT
/*C29*/SET SCHEMA PUBLIC
CONNECT USER SA
SET AUTOCOMMIT FALSE
DELETE FROM JFORUM_ROLE_VALUES WHERE ROLE_ID=24 AND ROLE_VALUE='1'
DELETE FROM JFORUM_ROLE_VALUES WHERE ROLE_ID=26 AND ROLE_VALUE='1'
DELETE FROM JFORUM_ROLE_VALUES WHERE ROLE_ID=28 AND ROLE_VALUE='1'
DELETE FROM JFORUM_ROLE_VALUES WHERE ROLE_ID=32 AND ROLE_VALUE='1'
DELETE FROM JFORUM_ROLE_VALUES WHERE ROLE_ID=34 AND ROLE_VALUE='1'
DELETE FROM JFORUM_ROLE_VALUES WHERE ROLE_ID=36 AND ROLE_VALUE='1'
DELETE FROM JFORUM_ROLE_VALUES WHERE ROLE_ID=38 AND ROLE_VALUE='1'
DELETE FROM JFORUM_ROLE_VALUES WHERE ROLE_ID=40 AND ROLE_VALUE='1'
DELETE FROM JFORUM_ROLE_VALUES WHERE ROLE_ID=28 AND ROLE_VALUE='2'
DELETE FROM JFORUM_ROLE_VALUES WHERE ROLE_ID=28 AND ROLE_VALUE='3'
DELETE FROM JFORUM_ROLE_VALUES WHERE ROLE_ID=28 AND ROLE_VALUE='4'
DELETE FROM JFORUM_ROLE_VALUES WHERE ROLE_ID=28 AND ROLE_VALUE='6'
DELETE FROM JFORUM_ROLE_VALUES WHERE ROLE_ID=24 AND ROLE_VALUE='2'
DELETE FROM JFORUM_ROLE_VALUES WHERE ROLE_ID=3 AND ROLE_VALUE='2'
DELETE FROM JFORUM_ROLE_VALUES WHERE ROLE_ID=32 AND ROLE_VALUE='2'
DELETE FROM JFORUM_ROLE_VALUES WHERE ROLE_ID=38 AND ROLE_VALUE='2'
DELETE FROM JFORUM_ROLE_VALUES WHERE ROLE_ID=34 AND ROLE_VALUE='2'
DELETE FROM JFORUM_ROLES WHERE ROLE_ID=1
DELETE FROM JFORUM_ROLES WHERE ROLE_ID=2
DELETE FROM JFORUM_ROLES WHERE ROLE_ID=3
DELETE FROM JFORUM_ROLES WHERE ROLE_ID=4
DELETE FROM JFORUM_ROLES WHERE ROLE_ID=5
DELETE FROM JFORUM_ROLES WHERE ROLE_ID=6
DELETE FROM JFORUM_ROLES WHERE ROLE_ID=7
DELETE FROM JFORUM_ROLES WHERE ROLE_ID=8
DELETE FROM JFORUM_ROLES WHERE ROLE_ID=24
DELETE FROM JFORUM_ROLES WHERE ROLE_ID=26
DELETE FROM JFORUM_ROLES WHERE ROLE_ID=28
DELETE FROM JFORUM_ROLES WHERE ROLE_ID=30
DELETE FROM JFORUM_ROLES WHERE ROLE_ID=32
DELETE FROM JFORUM_ROLES WHERE ROLE_ID=34
DELETE FROM JFORUM_ROLES WHERE ROLE_ID=36
DELETE FROM JFORUM_ROLES WHERE ROLE_ID=38
DELETE FROM JFORUM_ROLES WHERE ROLE_ID=40
INSERT INTO JFORUM_ROLES VALUES(43,1,'perm_administration')
INSERT INTO JFORUM_ROLES VALUES(44,1,'perm_category')
INSERT INTO JFORUM_ROLE_VALUES VALUES(44,'1')
INSERT INTO JFORUM_ROLE_VALUES VALUES(44,'2')
INSERT INTO JFORUM_ROLE_VALUES VALUES(44,'3')
INSERT INTO JFORUM_ROLE_VALUES VALUES(44,'4')
INSERT INTO JFORUM_ROLE_VALUES VALUES(44,'6')
INSERT INTO JFORUM_ROLES VALUES(45,1,'perm_forum')
INSERT INTO JFORUM_ROLE_VALUES VALUES(45,'2')
INSERT INTO JFORUM_ROLE_VALUES VALUES(45,'1')
INSERT INTO JFORUM_ROLES VALUES(46,1,'perm_anonymous_post')
INSERT INTO JFORUM_ROLE_VALUES VALUES(46,'2')
INSERT INTO JFORUM_ROLE_VALUES VALUES(46,'1')
INSERT INTO JFORUM_ROLES VALUES(47,1,'perm_reply_only')
INSERT INTO JFORUM_ROLE_VALUES VALUES(47,'2')
INSERT INTO JFORUM_ROLE_VALUES VALUES(47,'1')
INSERT INTO JFORUM_ROLES VALUES(48,1,'perm_create_sticky_announcement_topics')
INSERT INTO JFORUM_ROLES VALUES(49,1,'perm_create_poll')
INSERT INTO JFORUM_ROLES VALUES(50,1,'perm_vote')
INSERT INTO JFORUM_ROLES VALUES(51,1,'perm_read_only_forums')
INSERT INTO JFORUM_ROLE_VALUES VALUES(51,'2')
INSERT INTO JFORUM_ROLE_VALUES VALUES(51,'1')
INSERT INTO JFORUM_ROLES VALUES(52,1,'perm_reply_without_moderation')
INSERT INTO JFORUM_ROLE_VALUES VALUES(52,'1')
INSERT INTO JFORUM_ROLES VALUES(53,1,'perm_html_disabled')
INSERT INTO JFORUM_ROLE_VALUES VALUES(53,'2')
INSERT INTO JFORUM_ROLE_VALUES VALUES(53,'1')
INSERT INTO JFORUM_ROLES VALUES(54,1,'perm_karma_enabled')
INSERT INTO JFORUM_ROLES VALUES(55,1,'perm_bookmarks_enabled')
INSERT INTO JFORUM_ROLES VALUES(56,1,'perm_attachments_enabled')
INSERT INTO JFORUM_ROLE_VALUES VALUES(56,'1')
INSERT INTO JFORUM_ROLES VALUES(57,1,'perm_attachments_download')
INSERT INTO JFORUM_ROLES VALUES(58,1,'perm_moderation_log')
INSERT INTO JFORUM_ROLES VALUES(59,1,'perm_moderation_forums')
COMMIT
DISCONNECT
/*C30*/SET SCHEMA PUBLIC
CONNECT USER SA
SET AUTOCOMMIT FALSE
DISCONNECT
/*C31*/SET SCHEMA PUBLIC
CONNECT USER SA
SET AUTOCOMMIT FALSE
DELETE FROM JFORUM_GROUPS WHERE GROUP_ID=1
INSERT INTO JFORUM_GROUPS VALUES(1,'General','General Users',2)
COMMIT
DISCONNECT
/*C32*/SET SCHEMA PUBLIC
CONNECT USER SA
SET AUTOCOMMIT FALSE
DELETE FROM JFORUM_FORUMS WHERE FORUM_ID=2
INSERT INTO JFORUM_FORUMS VALUES(2,1,'Movie','lolololololol',2,0,0,0)
COMMIT
DISCONNECT
/*C33*/SET SCHEMA PUBLIC
CONNECT USER SA
SET AUTOCOMMIT FALSE
DISCONNECT
/*C34*/SET SCHEMA PUBLIC
CONNECT USER SA
SET AUTOCOMMIT FALSE
DISCONNECT
/*C35*/SET SCHEMA PUBLIC
CONNECT USER SA
SET AUTOCOMMIT FALSE
DELETE FROM JFORUM_GROUPS WHERE GROUP_ID=1
INSERT INTO JFORUM_GROUPS VALUES(1,'General','General Users',0)
COMMIT
DISCONNECT
/*C36*/SET SCHEMA PUBLIC
CONNECT USER SA
SET AUTOCOMMIT FALSE
DELETE FROM JFORUM_FORUMS WHERE FORUM_ID=2
INSERT INTO JFORUM_FORUMS VALUES(2,1,'Movie','lolololololol',2,0,0,0)
COMMIT
DISCONNECT
/*C37*/SET SCHEMA PUBLIC
CONNECT USER SA
SET AUTOCOMMIT FALSE
DELETE FROM JFORUM_FORUMS WHERE FORUM_ID=2
INSERT INTO JFORUM_FORUMS VALUES(2,1,'Movie','lolololololol',2,0,0,0)
COMMIT
DISCONNECT
/*C38*/SET SCHEMA PUBLIC
CONNECT USER SA
SET AUTOCOMMIT FALSE
DISCONNECT
/*C39*/SET SCHEMA PUBLIC
CONNECT USER SA
SET AUTOCOMMIT FALSE
DISCONNECT
/*C40*/SET SCHEMA PUBLIC
CONNECT USER SA
SET AUTOCOMMIT FALSE
DELETE FROM JFORUM_ROLE_VALUES WHERE ROLE_ID=44 AND ROLE_VALUE='1'
DELETE FROM JFORUM_ROLE_VALUES WHERE ROLE_ID=44 AND ROLE_VALUE='2'
DELETE FROM JFORUM_ROLE_VALUES WHERE ROLE_ID=44 AND ROLE_VALUE='3'
DELETE FROM JFORUM_ROLE_VALUES WHERE ROLE_ID=44 AND ROLE_VALUE='4'
DELETE FROM JFORUM_ROLE_VALUES WHERE ROLE_ID=44 AND ROLE_VALUE='6'
DELETE FROM JFORUM_ROLE_VALUES WHERE ROLE_ID=45 AND ROLE_VALUE='2'
DELETE FROM JFORUM_ROLE_VALUES WHERE ROLE_ID=45 AND ROLE_VALUE='1'
DELETE FROM JFORUM_ROLE_VALUES WHERE ROLE_ID=46 AND ROLE_VALUE='2'
DELETE FROM JFORUM_ROLE_VALUES WHERE ROLE_ID=46 AND ROLE_VALUE='1'
DELETE FROM JFORUM_ROLE_VALUES WHERE ROLE_ID=47 AND ROLE_VALUE='2'
DELETE FROM JFORUM_ROLE_VALUES WHERE ROLE_ID=47 AND ROLE_VALUE='1'
DELETE FROM JFORUM_ROLE_VALUES WHERE ROLE_ID=51 AND ROLE_VALUE='2'
DELETE FROM JFORUM_ROLE_VALUES WHERE ROLE_ID=51 AND ROLE_VALUE='1'
DELETE FROM JFORUM_ROLE_VALUES WHERE ROLE_ID=52 AND ROLE_VALUE='1'
DELETE FROM JFORUM_ROLE_VALUES WHERE ROLE_ID=53 AND ROLE_VALUE='2'
DELETE FROM JFORUM_ROLE_VALUES WHERE ROLE_ID=53 AND ROLE_VALUE='1'
DELETE FROM JFORUM_ROLE_VALUES WHERE ROLE_ID=56 AND ROLE_VALUE='1'
DELETE FROM JFORUM_ROLES WHERE ROLE_ID=43
DELETE FROM JFORUM_ROLES WHERE ROLE_ID=44
DELETE FROM JFORUM_ROLES WHERE ROLE_ID=45
DELETE FROM JFORUM_ROLES WHERE ROLE_ID=46
DELETE FROM JFORUM_ROLES WHERE ROLE_ID=47
DELETE FROM JFORUM_ROLES WHERE ROLE_ID=48
DELETE FROM JFORUM_ROLES WHERE ROLE_ID=49
DELETE FROM JFORUM_ROLES WHERE ROLE_ID=50
DELETE FROM JFORUM_ROLES WHERE ROLE_ID=51
DELETE FROM JFORUM_ROLES WHERE ROLE_ID=52
DELETE FROM JFORUM_ROLES WHERE ROLE_ID=53
DELETE FROM JFORUM_ROLES WHERE ROLE_ID=54
DELETE FROM JFORUM_ROLES WHERE ROLE_ID=55
DELETE FROM JFORUM_ROLES WHERE ROLE_ID=56
DELETE FROM JFORUM_ROLES WHERE ROLE_ID=57
DELETE FROM JFORUM_ROLES WHERE ROLE_ID=58
DELETE FROM JFORUM_ROLES WHERE ROLE_ID=59
INSERT INTO JFORUM_ROLES VALUES(60,1,'perm_category')
INSERT INTO JFORUM_ROLE_VALUES VALUES(60,'1')
INSERT INTO JFORUM_ROLE_VALUES VALUES(60,'2')
INSERT INTO JFORUM_ROLE_VALUES VALUES(60,'3')
INSERT INTO JFORUM_ROLE_VALUES VALUES(60,'4')
INSERT INTO JFORUM_ROLE_VALUES VALUES(60,'6')
INSERT INTO JFORUM_ROLES VALUES(61,1,'perm_forum')
INSERT INTO JFORUM_ROLE_VALUES VALUES(61,'2')
INSERT INTO JFORUM_ROLE_VALUES VALUES(61,'1')
INSERT INTO JFORUM_ROLES VALUES(62,1,'perm_anonymous_post')
INSERT INTO JFORUM_ROLE_VALUES VALUES(62,'2')
INSERT INTO JFORUM_ROLE_VALUES VALUES(62,'1')
INSERT INTO JFORUM_ROLES VALUES(63,1,'perm_reply_only')
INSERT INTO JFORUM_ROLE_VALUES VALUES(63,'2')
INSERT INTO JFORUM_ROLE_VALUES VALUES(63,'1')
INSERT INTO JFORUM_ROLES VALUES(64,1,'perm_create_sticky_announcement_topics')
INSERT INTO JFORUM_ROLES VALUES(65,1,'perm_create_poll')
INSERT INTO JFORUM_ROLES VALUES(66,1,'perm_vote')
INSERT INTO JFORUM_ROLES VALUES(67,1,'perm_read_only_forums')
INSERT INTO JFORUM_ROLE_VALUES VALUES(67,'2')
INSERT INTO JFORUM_ROLE_VALUES VALUES(67,'1')
INSERT INTO JFORUM_ROLES VALUES(68,1,'perm_reply_without_moderation')
INSERT INTO JFORUM_ROLE_VALUES VALUES(68,'1')
INSERT INTO JFORUM_ROLES VALUES(69,1,'perm_html_disabled')
INSERT INTO JFORUM_ROLE_VALUES VALUES(69,'2')
INSERT INTO JFORUM_ROLE_VALUES VALUES(69,'1')
INSERT INTO JFORUM_ROLES VALUES(70,1,'perm_karma_enabled')
INSERT INTO JFORUM_ROLES VALUES(71,1,'perm_bookmarks_enabled')
INSERT INTO JFORUM_ROLES VALUES(72,1,'perm_attachments_enabled')
INSERT INTO JFORUM_ROLE_VALUES VALUES(72,'1')
INSERT INTO JFORUM_ROLES VALUES(73,1,'perm_attachments_download')
INSERT INTO JFORUM_ROLES VALUES(74,1,'perm_moderation_log')
INSERT INTO JFORUM_ROLES VALUES(75,1,'perm_moderation_forums')
COMMIT
DISCONNECT
/*C41*/SET SCHEMA PUBLIC
CONNECT USER SA
SET AUTOCOMMIT FALSE
DELETE FROM JFORUM_FORUMS WHERE FORUM_ID=2
INSERT INTO JFORUM_FORUMS VALUES(2,1,'Movie','lolololololol',2,0,0,0)
COMMIT
DISCONNECT
/*C42*/SET SCHEMA PUBLIC
CONNECT USER SA
SET AUTOCOMMIT FALSE
DISCONNECT
/*C43*/SET SCHEMA PUBLIC
CONNECT USER SA
SET AUTOCOMMIT FALSE
DISCONNECT
/*C44*/SET SCHEMA PUBLIC
CONNECT USER SA
SET AUTOCOMMIT FALSE
DISCONNECT
/*C45*/SET SCHEMA PUBLIC
CONNECT USER SA
SET AUTOCOMMIT FALSE
DISCONNECT
/*C46*/SET SCHEMA PUBLIC
CONNECT USER SA
SET AUTOCOMMIT FALSE
DISCONNECT
/*C47*/SET SCHEMA PUBLIC
CONNECT USER SA
SET AUTOCOMMIT FALSE
DISCONNECT
/*C48*/SET SCHEMA PUBLIC
CONNECT USER SA
SET AUTOCOMMIT FALSE
DISCONNECT
/*C49*/SET SCHEMA PUBLIC
CONNECT USER SA
SET AUTOCOMMIT FALSE
DISCONNECT
/*C50*/SET SCHEMA PUBLIC
CONNECT USER SA
SET AUTOCOMMIT FALSE
DISCONNECT
/*C51*/SET SCHEMA PUBLIC
CONNECT USER SA
SET AUTOCOMMIT FALSE
DISCONNECT
/*C52*/SET SCHEMA PUBLIC
CONNECT USER SA
SET AUTOCOMMIT FALSE
DISCONNECT
/*C53*/SET SCHEMA PUBLIC
CONNECT USER SA
SET AUTOCOMMIT FALSE
DELETE FROM JFORUM_GROUPS WHERE GROUP_ID=1
INSERT INTO JFORUM_GROUPS VALUES(1,'General','General Users',2)
COMMIT
DISCONNECT
/*C54*/SET SCHEMA PUBLIC
CONNECT USER SA
SET AUTOCOMMIT FALSE
DELETE FROM JFORUM_FORUMS WHERE FORUM_ID=2
INSERT INTO JFORUM_FORUMS VALUES(2,1,'Movie','lolololololol',2,0,0,0)
COMMIT
DISCONNECT
/*C55*/SET SCHEMA PUBLIC
CONNECT USER SA
SET AUTOCOMMIT FALSE
DISCONNECT
/*C56*/SET SCHEMA PUBLIC
CONNECT USER SA
SET AUTOCOMMIT FALSE
DELETE FROM JFORUM_FORUMS WHERE FORUM_ID=2
INSERT INTO JFORUM_FORUMS VALUES(2,1,'Movie','lolololololol',2,0,0,0)
COMMIT
DISCONNECT
/*C57*/SET SCHEMA PUBLIC
CONNECT USER SA
SET AUTOCOMMIT FALSE
DISCONNECT
/*C58*/SET SCHEMA PUBLIC
CONNECT USER SA
SET AUTOCOMMIT FALSE
DISCONNECT
/*C59*/SET SCHEMA PUBLIC
CONNECT USER SA
SET AUTOCOMMIT FALSE
INSERT INTO JFORUM_TOPICS VALUES(3,2,'Hiiii',4,'2015-12-22 20:20:14.647000000',1,0,0,0,0,0,0,0,0)
INSERT INTO JFORUM_TOPICS_WATCH VALUES(3,4,1)
INSERT INTO JFORUM_POSTS VALUES(4,3,2,4,'2015-12-22 20:20:14.620000000','127.0.0.1',1,0,1,1,'2015-12-22 20:20:14.662000000',0,1,0,0)
INSERT INTO JFORUM_POSTS_TEXT VALUES(4,'hihi','Hiiii')
DELETE FROM JFORUM_TOPICS WHERE TOPIC_ID=3
INSERT INTO JFORUM_TOPICS VALUES(3,2,'Hiiii',4,'2015-12-22 20:20:14.647000000',1,0,0,0,0,4,4,0,0)
DELETE FROM JFORUM_USERS WHERE USER_ID=4
INSERT INTO JFORUM_USERS VALUES(4,1,'abc','900150983cd24fb0d6963f7d28e17f72',0,0,'2015-12-19 18:10:40.273000000','2015-12-19 18:10:40.258000000',NULL,1,'',NULL,'','%d/%M/%Y %H:%i',0,0,NULL,NULL,0,1,0,1,1,1,1,1,1,1,1,0,NULL,0,'abc@abc.com',NULL,NULL,NULL,NULL,NULL,NULL,NULL,NULL,NULL,NULL,NULL,NULL,NULL,NULL,NULL,1,NULL,NULL,NULL,0,0)
DELETE FROM JFORUM_TOPICS WHERE TOPIC_ID=3
INSERT INTO JFORUM_TOPICS VALUES(3,2,'Hiiii',4,'2015-12-22 20:20:14.647000000',1,0,0,0,0,4,4,0,0)
DELETE FROM JFORUM_FORUMS WHERE FORUM_ID=2
INSERT INTO JFORUM_FORUMS VALUES(2,1,'Movie','lolololololol',2,0,4,0)
DELETE FROM JFORUM_FORUMS WHERE FORUM_ID=2
INSERT INTO JFORUM_FORUMS VALUES(2,1,'Movie','lolololololol',2,1,4,0)
DELETE FROM JFORUM_TOPICS WHERE TOPIC_ID=3
INSERT INTO JFORUM_TOPICS VALUES(3,2,'Hiiii',4,'2015-12-22 20:20:14.647000000',2,0,0,0,0,4,4,0,0)
COMMIT
DISCONNECT
/*C60*/SET SCHEMA PUBLIC
CONNECT USER SA
SET AUTOCOMMIT FALSE
DELETE FROM JFORUM_TOPICS_WATCH WHERE TOPIC_ID=3 AND USER_ID=4 AND IS_READ=1
INSERT INTO JFORUM_TOPICS_WATCH VALUES(3,4,1)
DELETE FROM JFORUM_TOPICS WHERE TOPIC_ID=3
INSERT INTO JFORUM_TOPICS VALUES(3,2,'Hiiii',4,'2015-12-22 20:20:14.647000000',3,0,0,0,0,4,4,0,0)
COMMIT
DISCONNECT
/*C61*/SET SCHEMA PUBLIC
CONNECT USER SA
SET AUTOCOMMIT FALSE
DELETE FROM JFORUM_TOPICS_WATCH WHERE TOPIC_ID=3 AND USER_ID=4 AND IS_READ=1
INSERT INTO JFORUM_TOPICS_WATCH VALUES(3,4,1)
DELETE FROM JFORUM_TOPICS WHERE TOPIC_ID=3
INSERT INTO JFORUM_TOPICS VALUES(3,2,'Hiiii',4,'2015-12-22 20:20:14.647000000',4,0,0,0,0,4,4,0,0)
COMMIT
DISCONNECT
/*C62*/SET SCHEMA PUBLIC
CONNECT USER SA
SET AUTOCOMMIT FALSE
DELETE FROM JFORUM_SESSIONS WHERE SESSION_ID='62D9E5A290641D4B482542B62192A7A3' AND SESSION_USER_ID=4 AND SESSION_START='2015-12-22 19:21:04.671000000' AND SESSION_TIME=2587390 AND SESSION_IP='' AND SESSION_PAGE=0 AND SESSION_LOGGED_INT IS NULL
INSERT INTO JFORUM_SESSIONS VALUES('AE1F786674A505A31DFE6ED2E1D78455',4,'2015-12-22 20:04:58.891000000',931216,'',0,NULL)
COMMIT
DISCONNECT
/*C63*/SET SCHEMA PUBLIC
CONNECT USER SA
SET AUTOCOMMIT FALSE
DISCONNECT
/*C64*/SET SCHEMA PUBLIC
CONNECT USER SA
SET AUTOCOMMIT FALSE
DISCONNECT
/*C65*/SET SCHEMA PUBLIC
CONNECT USER SA
SET AUTOCOMMIT FALSE
DELETE FROM JFORUM_TOPICS WHERE TOPIC_ID=3
INSERT INTO JFORUM_TOPICS VALUES(3,2,'Hiiii',4,'2015-12-22 20:20:14.647000000',5,0,0,0,0,4,4,0,0)
COMMIT
DISCONNECT
/*C66*/SET SCHEMA PUBLIC
CONNECT USER SA
SET AUTOCOMMIT FALSE
DISCONNECT
/*C67*/SET SCHEMA PUBLIC
CONNECT USER SA
SET AUTOCOMMIT FALSE
DISCONNECT
/*C68*/SET SCHEMA PUBLIC
CONNECT USER SA
SET AUTOCOMMIT FALSE
INSERT INTO JFORUM_TOPICS_WATCH VALUES(3,5,1)
INSERT INTO JFORUM_POSTS VALUES(5,3,2,5,'2015-12-22 20:21:03.211000000','127.0.0.1',1,0,1,1,'2015-12-22 20:21:03.211000000',0,1,0,0)
INSERT INTO JFORUM_POSTS_TEXT VALUES(5,'fghjk','Re:Hiiii')
DELETE FROM JFORUM_TOPICS WHERE TOPIC_ID=3
INSERT INTO JFORUM_TOPICS VALUES(3,2,'Hiiii',4,'2015-12-22 20:20:14.647000000',5,0,0,0,0,4,5,0,0)
DELETE FROM JFORUM_TOPICS_WATCH WHERE TOPIC_ID=3 AND USER_ID=4 AND IS_READ=1
INSERT INTO JFORUM_TOPICS_WATCH VALUES(3,4,0)
DELETE FROM JFORUM_USERS WHERE USER_ID=5
INSERT INTO JFORUM_USERS VALUES(5,1,'xyz','d16fb36f0911f878998c136191af705e',0,0,'2015-12-19 18:33:01.270000000','2015-12-19 18:33:01.260000000',NULL,1,'',NULL,'','%d/%M/%Y %H:%i',0,0,NULL,NULL,0,1,0,1,1,1,1,1,1,1,1,0,NULL,0,'xyz@xyz.com',NULL,NULL,NULL,NULL,NULL,NULL,NULL,NULL,NULL,NULL,NULL,NULL,NULL,NULL,NULL,1,NULL,NULL,NULL,0,0)
DELETE FROM JFORUM_TOPICS WHERE TOPIC_ID=3
INSERT INTO JFORUM_TOPICS VALUES(3,2,'Hiiii',4,'2015-12-22 20:20:14.647000000',5,0,0,0,0,4,5,0,0)
DELETE FROM JFORUM_FORUMS WHERE FORUM_ID=2
INSERT INTO JFORUM_FORUMS VALUES(2,1,'Movie','lolololololol',2,1,5,0)
DELETE FROM JFORUM_TOPICS WHERE TOPIC_ID=3
INSERT INTO JFORUM_TOPICS VALUES(3,2,'Hiiii',4,'2015-12-22 20:20:14.647000000',5,1,0,0,0,4,5,0,0)
DELETE FROM JFORUM_TOPICS WHERE TOPIC_ID=3
INSERT INTO JFORUM_TOPICS VALUES(3,2,'Hiiii',4,'2015-12-22 20:20:14.647000000',6,1,0,0,0,4,5,0,0)
COMMIT
DISCONNECT
/*C69*/SET SCHEMA PUBLIC
CONNECT USER SA
SET AUTOCOMMIT FALSE
DELETE FROM JFORUM_TOPICS_WATCH WHERE TOPIC_ID=3 AND USER_ID=5 AND IS_READ=1
INSERT INTO JFORUM_TOPICS_WATCH VALUES(3,5,1)
DELETE FROM JFORUM_TOPICS WHERE TOPIC_ID=3
INSERT INTO JFORUM_TOPICS VALUES(3,2,'Hiiii',4,'2015-12-22 20:20:14.647000000',7,1,0,0,0,4,5,0,0)
COMMIT
DISCONNECT
/*C70*/SET SCHEMA PUBLIC
CONNECT USER SA
SET AUTOCOMMIT FALSE
DELETE FROM JFORUM_TOPICS_WATCH WHERE TOPIC_ID=3 AND USER_ID=5 AND IS_READ=1
INSERT INTO JFORUM_TOPICS_WATCH VALUES(3,5,1)
DELETE FROM JFORUM_TOPICS WHERE TOPIC_ID=3
INSERT INTO JFORUM_TOPICS VALUES(3,2,'Hiiii',4,'2015-12-22 20:20:14.647000000',8,1,0,0,0,4,5,0,0)
COMMIT
DISCONNECT
/*C71*/SET SCHEMA PUBLIC
CONNECT USER SA
SET AUTOCOMMIT FALSE
DISCONNECT
/*C72*/SET SCHEMA PUBLIC
CONNECT USER SA
SET AUTOCOMMIT FALSE
DISCONNECT
/*C73*/SET SCHEMA PUBLIC
CONNECT USER SA
SET AUTOCOMMIT FALSE
DISCONNECT
/*C74*/SET SCHEMA PUBLIC
CONNECT USER SA
SET AUTOCOMMIT FALSE
DELETE FROM JFORUM_SESSIONS WHERE SESSION_ID='104A6EF29A2A3AFF16E516F8856C8801' AND SESSION_USER_ID=2 AND SESSION_START='2015-12-20 11:45:25.225000000' AND SESSION_TIME=7352489 AND SESSION_IP='' AND SESSION_PAGE=0 AND SESSION_LOGGED_INT IS NULL
INSERT INTO JFORUM_SESSIONS VALUES('62D9E5A290641D4B482542B62192A7A3',2,'2015-12-22 20:04:20.95000000',3460386,'',0,NULL)
COMMIT
DISCONNECT
/*C75*/SET SCHEMA PUBLIC
CONNECT USER SA
SET AUTOCOMMIT FALSE
DISCONNECT
/*C76*/SET SCHEMA PUBLIC
CONNECT USER SA
SET AUTOCOMMIT FALSE
DELETE FROM JFORUM_TOPICS_WATCH WHERE TOPIC_ID=3 AND USER_ID=4 AND IS_READ=0
INSERT INTO JFORUM_TOPICS_WATCH VALUES(3,4,1)
DELETE FROM JFORUM_TOPICS WHERE TOPIC_ID=3
INSERT INTO JFORUM_TOPICS VALUES(3,2,'Hiiii',4,'2015-12-22 20:20:14.647000000',9,1,0,0,0,4,5,0,0)
COMMIT
DISCONNECT
/*C77*/SET SCHEMA PUBLIC
CONNECT USER SA
SET AUTOCOMMIT FALSE
DELETE FROM JFORUM_SESSIONS WHERE SESSION_ID='22F5A75B2526564CD5C70CD0D019ED4E' AND SESSION_USER_ID=5 AND SESSION_START='2015-12-19 18:33:01.270000000' AND SESSION_TIME=0 AND SESSION_IP='' AND SESSION_PAGE=0 AND SESSION_LOGGED_INT IS NULL
INSERT INTO JFORUM_SESSIONS VALUES('AE1F786674A505A31DFE6ED2E1D78455',5,'2015-12-22 20:20:39.480000000',2962688,'',0,NULL)
COMMIT
DISCONNECT
/*C78*/SET SCHEMA PUBLIC
CONNECT USER SA
SET AUTOCOMMIT FALSE
DISCONNECT
/*C79*/SET SCHEMA PUBLIC
CONNECT USER SA
SET AUTOCOMMIT FALSE
DELETE FROM JFORUM_TOPICS_WATCH WHERE TOPIC_ID=3 AND USER_ID=5 AND IS_READ=1
INSERT INTO JFORUM_TOPICS_WATCH VALUES(3,5,1)
DELETE FROM JFORUM_TOPICS WHERE TOPIC_ID=3
INSERT INTO JFORUM_TOPICS VALUES(3,2,'Hiiii',4,'2015-12-22 20:20:14.647000000',10,1,0,0,0,4,5,0,0)
COMMIT
DISCONNECT
/*C80*/SET SCHEMA PUBLIC
CONNECT USER SA
SET AUTOCOMMIT FALSE
INSERT INTO JFORUM_KARMA VALUES(1,4,3,4,5,4,'2015-12-22 21:10:35.219000000')
DELETE FROM JFORUM_USERS WHERE USER_ID=4
INSERT INTO JFORUM_USERS VALUES(4,1,'abc','900150983cd24fb0d6963f7d28e17f72',0,0,'2015-12-19 18:10:40.273000000','2015-12-19 18:10:40.258000000',NULL,1,'',NULL,'','%d/%M/%Y %H:%i',0,0,NULL,NULL,0,1,0,1,1,1,1,1,1,1,1,0,NULL,0,'abc@abc.com',NULL,NULL,NULL,NULL,NULL,NULL,NULL,NULL,NULL,NULL,NULL,NULL,NULL,NULL,NULL,1,NULL,4.0,NULL,0,0)
COMMIT
DISCONNECT
/*C81*/SET SCHEMA PUBLIC
CONNECT USER SA
SET AUTOCOMMIT FALSE
DELETE FROM JFORUM_TOPICS_WATCH WHERE TOPIC_ID=3 AND USER_ID=5 AND IS_READ=1
INSERT INTO JFORUM_TOPICS_WATCH VALUES(3,5,1)
DELETE FROM JFORUM_TOPICS WHERE TOPIC_ID=3
INSERT INTO JFORUM_TOPICS VALUES(3,2,'Hiiii',4,'2015-12-22 20:20:14.647000000',11,1,0,0,0,4,5,0,0)
COMMIT
DISCONNECT
/*C82*/SET SCHEMA PUBLIC
CONNECT USER SA
SET AUTOCOMMIT FALSE
INSERT INTO JFORUM_POSTS VALUES(6,3,2,5,'2015-12-22 21:11:15.180000000','127.0.0.1',1,0,1,1,'2015-12-22 21:11:15.180000000',0,1,0,0)
INSERT INTO JFORUM_POSTS_TEXT VALUES(6,'helo','Hiiii')
DELETE FROM JFORUM_TOPICS WHERE TOPIC_ID=3
INSERT INTO JFORUM_TOPICS VALUES(3,2,'Hiiii',4,'2015-12-22 20:20:14.647000000',11,1,0,0,0,4,6,0,0)
DELETE FROM JFORUM_TOPICS_WATCH WHERE TOPIC_ID=3 AND USER_ID=4 AND IS_READ=1
INSERT INTO JFORUM_TOPICS_WATCH VALUES(3,4,0)
DELETE FROM JFORUM_USERS WHERE USER_ID=5
INSERT INTO JFORUM_USERS VALUES(5,1,'xyz','d16fb36f0911f878998c136191af705e',0,0,'2015-12-19 18:33:01.270000000','2015-12-19 18:33:01.260000000',NULL,2,'',NULL,'','%d/%M/%Y %H:%i',0,0,NULL,NULL,0,1,0,1,1,1,1,1,1,1,1,0,NULL,0,'xyz@xyz.com',NULL,NULL,NULL,NULL,NULL,NULL,NULL,NULL,NULL,NULL,NULL,NULL,NULL,NULL,NULL,1,NULL,NULL,NULL,0,0)
DELETE FROM JFORUM_TOPICS WHERE TOPIC_ID=3
INSERT INTO JFORUM_TOPICS VALUES(3,2,'Hiiii',4,'2015-12-22 20:20:14.647000000',11,1,0,0,0,4,6,0,0)
DELETE FROM JFORUM_FORUMS WHERE FORUM_ID=2
INSERT INTO JFORUM_FORUMS VALUES(2,1,'Movie','lolololololol',2,1,6,0)
DELETE FROM JFORUM_TOPICS WHERE TOPIC_ID=3
INSERT INTO JFORUM_TOPICS VALUES(3,2,'Hiiii',4,'2015-12-22 20:20:14.647000000',11,2,0,0,0,4,6,0,0)
DELETE FROM JFORUM_TOPICS WHERE TOPIC_ID=3
INSERT INTO JFORUM_TOPICS VALUES(3,2,'Hiiii',4,'2015-12-22 20:20:14.647000000',12,2,0,0,0,4,6,0,0)
COMMIT
DISCONNECT
/*C83*/SET SCHEMA PUBLIC
CONNECT USER SA
SET AUTOCOMMIT FALSE
DELETE FROM JFORUM_TOPICS_WATCH WHERE TOPIC_ID=3 AND USER_ID=5 AND IS_READ=1
INSERT INTO JFORUM_TOPICS_WATCH VALUES(3,5,1)
DELETE FROM JFORUM_TOPICS WHERE TOPIC_ID=3
INSERT INTO JFORUM_TOPICS VALUES(3,2,'Hiiii',4,'2015-12-22 20:20:14.647000000',13,2,0,0,0,4,6,0,0)
COMMIT
DISCONNECT
/*C84*/SET SCHEMA PUBLIC
CONNECT USER SA
SET AUTOCOMMIT FALSE
DELETE FROM JFORUM_TOPICS_WATCH WHERE TOPIC_ID=3 AND USER_ID=4 AND IS_READ=0
INSERT INTO JFORUM_TOPICS_WATCH VALUES(3,4,1)
DELETE FROM JFORUM_TOPICS WHERE TOPIC_ID=3
INSERT INTO JFORUM_TOPICS VALUES(3,2,'Hiiii',4,'2015-12-22 20:20:14.647000000',14,2,0,0,0,4,6,0,0)
COMMIT
DISCONNECT
/*C85*/SET SCHEMA PUBLIC
CONNECT USER SA
SET AUTOCOMMIT FALSE
DISCONNECT
/*C86*/SET SCHEMA PUBLIC
CONNECT USER SA
SET AUTOCOMMIT FALSE
DISCONNECT
/*C87*/SET SCHEMA PUBLIC
CONNECT USER SA
SET AUTOCOMMIT FALSE
DISCONNECT
/*C88*/SET SCHEMA PUBLIC
CONNECT USER SA
SET AUTOCOMMIT FALSE
DISCONNECT
/*C89*/SET SCHEMA PUBLIC
CONNECT USER SA
DELETE FROM JFORUM_SESSIONS WHERE SESSION_ID='AE1F786674A505A31DFE6ED2E1D78455' AND SESSION_USER_ID=5 AND SESSION_START='2015-12-22 20:20:39.480000000' AND SESSION_TIME=2962688 AND SESSION_IP='' AND SESSION_PAGE=0 AND SESSION_LOGGED_INT IS NULL
INSERT INTO JFORUM_SESSIONS VALUES('AE1F786674A505A31DFE6ED2E1D78455',5,'2015-12-22 21:10:12.247000000',796022,'',0,NULL)
DISCONNECT
/*C90*/SET SCHEMA PUBLIC
CONNECT USER SA
DELETE FROM JFORUM_SESSIONS WHERE SESSION_ID='AE1F786674A505A31DFE6ED2E1D78455' AND SESSION_USER_ID=4 AND SESSION_START='2015-12-22 20:04:58.891000000' AND SESSION_TIME=931216 AND SESSION_IP='' AND SESSION_PAGE=0 AND SESSION_LOGGED_INT IS NULL
INSERT INTO JFORUM_SESSIONS VALUES('62D9E5A290641D4B482542B62192A7A3',4,'2015-12-22 21:02:10.640000000',630136,'',0,NULL)
DISCONNECT
/*C91*/SET SCHEMA PUBLIC
CONNECT USER SA
SET AUTOCOMMIT FALSE
DELETE FROM JFORUM_TOPICS WHERE TOPIC_ID=3
INSERT INTO JFORUM_TOPICS VALUES(3,2,'Hiiii',4,'2015-12-22 20:20:14.647000000',15,2,0,0,0,4,6,0,0)
COMMIT
DISCONNECT
/*C92*/SET SCHEMA PUBLIC
CONNECT USER SA
DISCONNECT
/*C93*/SET SCHEMA PUBLIC
CONNECT USER SA
SET AUTOCOMMIT FALSE
DISCONNECT
/*C94*/SET SCHEMA PUBLIC
CONNECT USER SA
SET AUTOCOMMIT FALSE
DISCONNECT
/*C95*/SET SCHEMA PUBLIC
CONNECT USER SA
SET AUTOCOMMIT FALSE
DELETE FROM JFORUM_TOPICS_WATCH WHERE TOPIC_ID=3 AND USER_ID=5 AND IS_READ=1
INSERT INTO JFORUM_TOPICS_WATCH VALUES(3,5,1)
DELETE FROM JFORUM_TOPICS WHERE TOPIC_ID=3
INSERT INTO JFORUM_TOPICS VALUES(3,2,'Hiiii',4,'2015-12-22 20:20:14.647000000',16,2,0,0,0,4,6,0,0)
COMMIT
DISCONNECT
/*C96*/SET SCHEMA PUBLIC
CONNECT USER SA
SET AUTOCOMMIT FALSE
DISCONNECT
/*C97*/SET SCHEMA PUBLIC
CONNECT USER SA
SET AUTOCOMMIT FALSE
DISCONNECT
/*C98*/SET SCHEMA PUBLIC
CONNECT USER SA
DELETE FROM JFORUM_SESSIONS WHERE SESSION_ID='AE1F786674A505A31DFE6ED2E1D78455' AND SESSION_USER_ID=5 AND SESSION_START='2015-12-22 21:10:12.247000000' AND SESSION_TIME=796022 AND SESSION_IP='' AND SESSION_PAGE=0 AND SESSION_LOGGED_INT IS NULL
INSERT INTO JFORUM_SESSIONS VALUES('B08A22224270DB82A0D1824B2C70E0D3',5,'2015-12-23 07:05:41.763000000',1778040,'',0,NULL)
DISCONNECT
